<!DOCTYPE html PUBLIC "-//W3C//DTD XHTML 1.1//EN" "http://www.w3.org/TR/xhtml1/DTD/xhtml11.dtd"><html xmlns="http://www.w3.org/1999/xhtml"><head>	<meta http-equiv="content-type" content="application/xhtml+xml; charset=gbk" />	<title>TestNG Report</title>	<style type="text/css">		table {			margin-bottom: 10px;			border-collapse: collapse;			empty-cells: show		}		th,		td {			border: 1px solid #009;			padding: 0.5em		}		th {			vertical-align: bottom;		}		td {			vertical-align: top		}		table a {			font-weight: bold		}		.stripe td {			background-color: #E6EBF9		}		.num {			text-align: right		}		.passedodd td {			background-color: #3F3		}		.passedeven td {			background-color: #0A0		}		.skippedodd td {			background-color: #DDD		}		.skippedeven td {			background-color: #CCC		}		.failedodd td,		.attn {			background-color: #F33		}		.failedeven td,		.stripe .attn {			background-color: #D00		}		.stacktrace {			white-space: pre;			font-family: monospace		}		.totop {			font-size: 85%;			text-align: center;			border-bottom: 2px solid #000		}	</style></head><body>	<table>		<tr>			<center>				<b>Custom Selenium - TestNG Report 17:06:59 04/06/2025</b>			</center>		</tr>		<thead>			<tr>				<th>Test Name</th>				<th># Total Method</th>				<th># Passed</th>				<th># Skipped</th>				<th># Failed</th>				<th>Browser</th>				<th>Start Time</th>				<th>End Time</th>				<th>Execute Time (mm:hh:ss:ms)</th>				<th>Included Groups</th>				<th>Excluded Groups</th>			</tr>		</thead>		$Test_Case_Summary$	</table>	<table id="summary">		<thead>			<tr>				<th>Class</th>				<th>Method</th>				<th>Start Time</th>				<th>Execution Time (mm:hh:ss:ms)</th>				<th>Parameter</th>				<th>Reporter Message</th>				<th>Exception Message</th>			</tr>		</thead>		<tr><td colspan=7><center><b>Sanity Suite</b></center></td></tr><tr bgcolor=C5F594><td colspan=7><center><b>Sanity Test - Passed </b></center></td></tr><tr bgcolor=C5F594><td>com.github.project.SeleniumJava.Links_31_To_35</td><td style='text-align:center'>checkForNestedFrames</td><td style='text-align:center'>17:05:45 04/06/2025</td><td style='text-align:center'>1 sec</td><td></td><td></td><td>Test Passed Successfully !!!</td></tr><tr bgcolor=C5F594><td>com.github.project.SeleniumJava.Links_06_To_10</td><td style='text-align:center'>checkDragAndDrop</td><td style='text-align:center'>17:03:37 04/06/2025</td><td style='text-align:center'>4 secs</td><td></td><td></td><td>Test Passed Successfully !!!</td></tr><tr bgcolor=C5F594><td>com.github.project.SeleniumJava.Links_26_To_30</td><td style='text-align:center'>checkForJavascriptAlerts</td><td style='text-align:center'>17:05:23 04/06/2025</td><td style='text-align:center'>3 secs</td><td> You entered: </td><td></td><td>Test Passed Successfully !!!</td></tr><tr bgcolor=C5F594><td>com.github.project.SeleniumJava.Links_36_To_40</td><td style='text-align:center'>checkForSecureFileDownload</td><td style='text-align:center'>17:05:51 04/06/2025</td><td style='text-align:center'>2 secs</td><td></td><td></td><td>Test Passed Successfully !!!</td></tr><tr bgcolor=C5F594><td>com.github.project.SeleniumJava.Links_36_To_40</td><td style='text-align:center'>checkForShadowDOM</td><td style='text-align:center'>17:05:54 04/06/2025</td><td style='text-align:center'>910 ms</td><td></td><td></td><td>Test Passed Successfully !!!</td></tr><tr bgcolor=C5F594><td>com.github.project.SeleniumJava.Links_41_To_42</td><td style='text-align:center'>checkForTypos</td><td style='text-align:center'>17:06:01 04/06/2025</td><td style='text-align:center'>502 ms</td><td></td><td></td><td>Test Passed Successfully !!!</td></tr><tr bgcolor=C5F594><td>com.github.project.SeleniumJava.Links_26_To_30</td><td style='text-align:center'>checkForJavascriptAlerts</td><td style='text-align:center'>17:05:19 04/06/2025</td><td style='text-align:center'>3 secs</td><td>Selenium You entered: Selenium </td><td></td><td>Test Passed Successfully !!!</td></tr><tr bgcolor=C5F594><td>com.github.project.SeleniumJava.Links_16_To_20</td><td style='text-align:center'>checkForFloatingMenu</td><td style='text-align:center'>17:04:18 04/06/2025</td><td style='text-align:center'>5 secs</td><td></td><td></td><td>Test Passed Successfully !!!</td></tr><tr bgcolor=C5F594><td>com.github.project.SeleniumJava.Links_31_To_35</td><td style='text-align:center'>checkForKeyPresses</td><td style='text-align:center'>17:05:30 04/06/2025</td><td style='text-align:center'>698 ms</td><td> SHIFT </td><td></td><td>Test Passed Successfully !!!</td></tr><tr bgcolor=C5F594><td>com.github.project.SeleniumJava.Links_21_To_25</td><td style='text-align:center'>checkiFrames</td><td style='text-align:center'>17:03:53 04/06/2025</td><td style='text-align:center'>388 ms</td><td></td><td></td><td>Test Passed Successfully !!!</td></tr><tr bgcolor=C5F594><td>com.github.project.SeleniumJava.Links_11_to_15</td><td style='text-align:center'>checkDynamicContent</td><td style='text-align:center'>17:06:08 04/06/2025</td><td style='text-align:center'>5 secs</td><td></td><td></td><td>Test Passed Successfully !!!</td></tr><tr bgcolor=C5F594><td>com.github.project.SeleniumJava.Links_31_To_35</td><td style='text-align:center'>checkForKeyPresses</td><td style='text-align:center'>17:05:17 04/06/2025</td><td style='text-align:center'>682 ms</td><td>B B </td><td></td><td>Test Passed Successfully !!!</td></tr><tr bgcolor=C5F594><td>com.github.project.SeleniumJava.Links_16_To_20</td><td style='text-align:center'>checkFileDownload</td><td style='text-align:center'>17:04:03 04/06/2025</td><td style='text-align:center'>5 secs</td><td></td><td></td><td>Test Passed Successfully !!!</td></tr><tr bgcolor=C5F594><td>com.github.project.SeleniumJava.Links_26_To_30</td><td style='text-align:center'>checkForInputs</td><td style='text-align:center'>17:04:53 04/06/2025</td><td style='text-align:center'>3 secs</td><td></td><td></td><td>Test Passed Successfully !!!</td></tr><tr bgcolor=C5F594><td>com.github.project.SeleniumJava.Links_11_to_15</td><td style='text-align:center'>checkDynamicLoading</td><td style='text-align:center'>17:06:29 04/06/2025</td><td style='text-align:center'>12 secs</td><td></td><td></td><td>Test Passed Successfully !!!</td></tr><tr bgcolor=C5F594><td>com.github.project.SeleniumJava.Links_31_To_35</td><td style='text-align:center'>checkForNotificationMessages</td><td style='text-align:center'>17:05:50 04/06/2025</td><td style='text-align:center'>1 sec</td><td></td><td></td><td>Test Passed Successfully !!!</td></tr><tr bgcolor=C5F594><td>com.github.project.SeleniumJava.Links_21_To_25</td><td style='text-align:center'>checkForHovers</td><td style='text-align:center'>17:04:31 04/06/2025</td><td style='text-align:center'>4 secs</td><td></td><td></td><td>Test Passed Successfully !!!</td></tr><tr bgcolor=C5F594><td>com.github.project.SeleniumJava.Links_31_To_35</td><td style='text-align:center'>checkForKeyPresses</td><td style='text-align:center'>17:05:16 04/06/2025</td><td style='text-align:center'>731 ms</td><td>A A </td><td></td><td>Test Passed Successfully !!!</td></tr><tr bgcolor=C5F594><td>com.github.project.SeleniumJava.Links_16_To_20</td><td style='text-align:center'>checkForFileUpload</td><td style='text-align:center'>17:04:09 04/06/2025</td><td style='text-align:center'>8 secs</td><td></td><td></td><td>Test Passed Successfully !!!</td></tr><tr bgcolor=C5F594><td>com.github.project.SeleniumJava.Links_21_To_25</td><td style='text-align:center'>checkForHorizontalSlider</td><td style='text-align:center'>17:04:10 04/06/2025</td><td style='text-align:center'>20 secs</td><td></td><td></td><td>Test Passed Successfully !!!</td></tr><tr bgcolor=C5F594><td>com.github.project.SeleniumJava.Links_11_to_15</td><td style='text-align:center'>checkEntryAd</td><td style='text-align:center'>17:06:42 04/06/2025</td><td style='text-align:center'>2 secs</td><td></td><td></td><td>Test Passed Successfully !!!</td></tr><tr bgcolor=C5F594><td>com.github.project.SeleniumJava.Links_26_To_30</td><td style='text-align:center'>checkForJavaScriptOnloadEventError</td><td style='text-align:center'>17:05:26 04/06/2025</td><td style='text-align:center'>6 secs</td><td></td><td></td><td>Test Passed Successfully !!!</td></tr><tr bgcolor=C5F594><td>com.github.project.SeleniumJava.Links_01_To_05</td><td style='text-align:center'>checkHomeUI</td><td style='text-align:center'>17:03:28 04/06/2025</td><td style='text-align:center'>83 ms</td><td></td><td></td><td>Test Passed Successfully !!!</td></tr><tr bgcolor=C5F594><td>com.github.project.SeleniumJava.Links_06_To_10</td><td style='text-align:center'>checkContextMenu</td><td style='text-align:center'>17:03:25 04/06/2025</td><td style='text-align:center'>4 secs</td><td></td><td></td><td>Test Passed Successfully !!!</td></tr><tr bgcolor=C5F594><td>com.github.project.SeleniumJava.Links_41_To_42</td><td style='text-align:center'>checkForSortableDataTables</td><td style='text-align:center'>17:05:58 04/06/2025</td><td style='text-align:center'>1 sec</td><td></td><td></td><td>Test Passed Successfully !!!</td></tr><tr bgcolor=C5F594><td>com.github.project.SeleniumJava.Links_06_To_10</td><td style='text-align:center'>checkDigestAuth</td><td style='text-align:center'>17:03:30 04/06/2025</td><td style='text-align:center'>2 secs</td><td></td><td></td><td>Test Passed Successfully !!!</td></tr><tr bgcolor=C5F594><td>com.github.project.SeleniumJava.Links_31_To_35</td><td style='text-align:center'>checkForKeyPresses</td><td style='text-align:center'>17:05:31 04/06/2025</td><td style='text-align:center'>696 ms</td><td> ESCAPE </td><td></td><td>Test Passed Successfully !!!</td></tr><tr bgcolor=C5F594><td>com.github.project.SeleniumJava.Links_06_To_10</td><td style='text-align:center'>checkForCheckboxes</td><td style='text-align:center'>17:03:24 04/06/2025</td><td style='text-align:center'>942 ms</td><td></td><td></td><td>Test Passed Successfully !!!</td></tr><tr bgcolor=C5F594><td>com.github.project.SeleniumJava.Links_21_To_25</td><td style='text-align:center'>checkForFormAuthentication</td><td style='text-align:center'>17:03:51 04/06/2025</td><td style='text-align:center'>2 secs</td><td></td><td></td><td>Test Passed Successfully !!!</td></tr><tr bgcolor=C5F594><td>com.github.project.SeleniumJava.Links_31_To_35</td><td style='text-align:center'>checkForLargeAndDeepDOMs</td><td style='text-align:center'>17:05:35 04/06/2025</td><td style='text-align:center'>8 secs</td><td></td><td></td><td>Test Passed Successfully !!!</td></tr><tr bgcolor=C5F594><td>com.github.project.SeleniumJava.Links_26_To_30</td><td style='text-align:center'>checkForJQueryUIMenus</td><td style='text-align:center'>17:04:58 04/06/2025</td><td style='text-align:center'>21 secs</td><td></td><td></td><td>Test Passed Successfully !!!</td></tr><tr bgcolor=C5F594><td>com.github.project.SeleniumJava.Links_31_To_35</td><td style='text-align:center'>checkForKeyPresses</td><td style='text-align:center'>17:05:32 04/06/2025</td><td style='text-align:center'>805 ms</td><td> CONTROL </td><td></td><td>Test Passed Successfully !!!</td></tr><tr bgcolor=C5F594><td>com.github.project.SeleniumJava.Links_36_To_40</td><td style='text-align:center'>checkForRedirectLink</td><td style='text-align:center'>17:05:39 04/06/2025</td><td style='text-align:center'>11 secs</td><td></td><td></td><td>Test Passed Successfully !!!</td></tr><tr bgcolor=C5F594><td>com.github.project.SeleniumJava.Links_06_To_10</td><td style='text-align:center'>checkDisappearingReappearingElements</td><td style='text-align:center'>17:03:34 04/06/2025</td><td style='text-align:center'>3 secs</td><td></td><td></td><td>Test Passed Successfully !!!</td></tr><tr bgcolor=C5F594><td>com.github.project.SeleniumJava.Links_11_to_15</td><td style='text-align:center'>checkForDropdown</td><td style='text-align:center'>17:06:45 04/06/2025</td><td style='text-align:center'>13 secs</td><td></td><td></td><td>Test Passed Successfully !!!</td></tr><tr bgcolor=C5F594><td>com.github.project.SeleniumJava.Links_01_To_05</td><td style='text-align:center'>checkAddRemoveElements</td><td style='text-align:center'>17:03:23 04/06/2025</td><td style='text-align:center'>3 secs</td><td></td><td></td><td>Test Passed Successfully !!!</td></tr><tr bgcolor=C5F594><td>com.github.project.SeleniumJava.Links_01_To_05</td><td style='text-align:center'>checkChallengingDOM</td><td style='text-align:center'>17:03:36 04/06/2025</td><td style='text-align:center'>7 secs</td><td></td><td></td><td>Test Passed Successfully !!!</td></tr><tr bgcolor=C5F594><td>com.github.project.SeleniumJava.Links_26_To_30</td><td style='text-align:center'>checkForInfiniteScroll</td><td style='text-align:center'>17:04:42 04/06/2025</td><td style='text-align:center'>10 secs</td><td></td><td></td><td>Test Passed Successfully !!!</td></tr><tr bgcolor=C5F594><td>com.github.project.SeleniumJava.Links_31_To_35</td><td style='text-align:center'>checkForKeyPresses</td><td style='text-align:center'>17:05:33 04/06/2025</td><td style='text-align:center'>1 sec</td><td> ALT </td><td></td><td>Test Passed Successfully !!!</td></tr><tr bgcolor=C5F594><td>com.github.project.SeleniumJava.Links_01_To_05</td><td style='text-align:center'>checkBrokenImages</td><td style='text-align:center'>17:03:28 04/06/2025</td><td style='text-align:center'>6 secs</td><td></td><td></td><td>Test Passed Successfully !!!</td></tr><tr bgcolor=C5F594><td>com.github.project.SeleniumJava.Links_21_To_25</td><td style='text-align:center'>checkForGeolocation</td><td style='text-align:center'>17:03:54 04/06/2025</td><td style='text-align:center'>15 secs</td><td></td><td></td><td>Test Passed Successfully !!!</td></tr><tr bgcolor=C5F594><td>com.github.project.SeleniumJava.Links_11_to_15</td><td style='text-align:center'>checkDynamicControls</td><td style='text-align:center'>17:06:14 04/06/2025</td><td style='text-align:center'>14 secs</td><td></td><td></td><td>Test Passed Successfully !!!</td></tr><tr bgcolor=C5F594><td>com.github.project.SeleniumJava.Links_01_To_05</td><td style='text-align:center'>checkBasicAuth</td><td style='text-align:center'>17:03:27 04/06/2025</td><td style='text-align:center'>708 ms</td><td></td><td></td><td>Test Passed Successfully !!!</td></tr><tr bgcolor=C5F594><td>com.github.project.SeleniumJava.Links_31_To_35</td><td style='text-align:center'>checkForKeyPresses</td><td style='text-align:center'>17:05:18 04/06/2025</td><td style='text-align:center'>11 secs</td><td> ENTER </td><td></td><td>Test Passed Successfully !!!</td></tr><tr bgcolor=C5F594><td>com.github.project.SeleniumJava.Links_16_To_20</td><td style='text-align:center'>checkForExitIntent</td><td style='text-align:center'>17:03:48 04/06/2025</td><td style='text-align:center'>14 secs</td><td></td><td></td><td>Test Passed Successfully !!!</td></tr><tr bgcolor=C5F594><td>com.github.project.SeleniumJava.Links_31_To_35</td><td style='text-align:center'>checkForMultipleWindows</td><td style='text-align:center'>17:05:43 04/06/2025</td><td style='text-align:center'>1 sec</td><td></td><td></td><td>Test Passed Successfully !!!</td></tr><tr bgcolor=C5F594><td>com.github.project.SeleniumJava.Links_36_To_40</td><td style='text-align:center'>checkForShiftingContent</td><td style='text-align:center'>17:05:55 04/06/2025</td><td style='text-align:center'>45 secs</td><td></td><td></td><td>Test Passed Successfully !!!</td></tr><tr bgcolor=F39F86><td colspan=7><center><b>Sanity Test - Failed </b></center></td></tr><tr bgcolor=F39F86><td>com.github.project.SeleniumJava.Links_36_To_40</td><td style='text-align:center'>checkForSlowResources</td><td style='text-align:center'>17:06:42 04/06/2025</td><td style='text-align:center'>577 ms</td><td></td><td></td><td>java.lang.AssertionError: The following asserts failed:
	Expected slow-load message not found. expected [true] but found [false]
	at org.testng.asserts.SoftAssert.assertAll(SoftAssert.java:46)
	at org.testng.asserts.SoftAssert.assertAll(SoftAssert.java:30)
	at com.github.project.SeleniumJava.Links_36_To_40.checkForSlowResources(Links_36_To_40.java:409)
	at java.base/jdk.internal.reflect.NativeMethodAccessorImpl.invoke0(Native Method)
	at java.base/jdk.internal.reflect.NativeMethodAccessorImpl.invoke(NativeMethodAccessorImpl.java:77)
	at java.base/jdk.internal.reflect.DelegatingMethodAccessorImpl.invoke(DelegatingMethodAccessorImpl.java:43)
	at java.base/java.lang.reflect.Method.invoke(Method.java:568)
	at org.testng.internal.invokers.MethodInvocationHelper.invokeMethod(MethodInvocationHelper.java:141)
	at org.testng.internal.invokers.TestInvoker.invokeMethod(TestInvoker.java:687)
	at org.testng.internal.invokers.TestInvoker.retryFailed(TestInvoker.java:269)
	at org.testng.internal.invokers.MethodRunner.runInSequence(MethodRunner.java:76)
	at org.testng.internal.invokers.TestInvokerMethodInvocationAgent.invoke(TestInvoker.java:995)
	at org.testng.internal.invokers.TestInvoker.invokeTestMethods(TestInvoker.java:203)
	at org.testng.internal.invokers.TestMethodWorker.invokeTestMethods(TestMethodWorker.java:154)
	at org.testng.internal.invokers.TestMethodWorker.run(TestMethodWorker.java:134)
	at java.base/java.util.concurrent.ExecutorsRunnableAdapter.call(Executors.java:539)
	at java.base/java.util.concurrent.FutureTask.run(FutureTask.java:264)
	at org.testng.internal.thread.graph.TestNGFutureTask.run(TestNGFutureTask.java:22)
	at java.base/java.util.concurrent.ThreadPoolExecutor.runWorker(ThreadPoolExecutor.java:1136)
	at java.base/java.util.concurrent.ThreadPoolExecutorWorker.run(ThreadPoolExecutor.java:635)
	at java.base/java.lang.Thread.run(Thread.java:833)
</td></tr><tr bgcolor=F39F86><td>com.github.project.SeleniumJava.Links_16_To_20</td><td style='text-align:center'>checkForForgotPassword</td><td style='text-align:center'>17:04:46 04/06/2025</td><td style='text-align:center'>21 secs</td><td></td><td></td><td>java.lang.AssertionError: The following asserts failed:
	ForgotPassword_Header is NOT displayed! expected [true] but found [false]
	at org.testng.asserts.SoftAssert.assertAll(SoftAssert.java:46)
	at org.testng.asserts.SoftAssert.assertAll(SoftAssert.java:30)
	at com.github.project.SeleniumJava.Links_16_To_20.checkForForgotPassword(Links_16_To_20.java:365)
	at java.base/jdk.internal.reflect.NativeMethodAccessorImpl.invoke0(Native Method)
	at java.base/jdk.internal.reflect.NativeMethodAccessorImpl.invoke(NativeMethodAccessorImpl.java:77)
	at java.base/jdk.internal.reflect.DelegatingMethodAccessorImpl.invoke(DelegatingMethodAccessorImpl.java:43)
	at java.base/java.lang.reflect.Method.invoke(Method.java:568)
	at org.testng.internal.invokers.MethodInvocationHelper.invokeMethod(MethodInvocationHelper.java:141)
	at org.testng.internal.invokers.TestInvoker.invokeMethod(TestInvoker.java:687)
	at org.testng.internal.invokers.TestInvoker.retryFailed(TestInvoker.java:269)
	at org.testng.internal.invokers.MethodRunner.runInSequence(MethodRunner.java:76)
	at org.testng.internal.invokers.TestInvokerMethodInvocationAgent.invoke(TestInvoker.java:995)
	at org.testng.internal.invokers.TestInvoker.invokeTestMethods(TestInvoker.java:203)
	at org.testng.internal.invokers.TestMethodWorker.invokeTestMethods(TestMethodWorker.java:154)
	at org.testng.internal.invokers.TestMethodWorker.run(TestMethodWorker.java:134)
	at java.base/java.util.concurrent.ExecutorsRunnableAdapter.call(Executors.java:539)
	at java.base/java.util.concurrent.FutureTask.run(FutureTask.java:264)
	at org.testng.internal.thread.graph.TestNGFutureTask.run(TestNGFutureTask.java:22)
	at java.base/java.util.concurrent.ThreadPoolExecutor.runWorker(ThreadPoolExecutor.java:1136)
	at java.base/java.util.concurrent.ThreadPoolExecutorWorker.run(ThreadPoolExecutor.java:635)
	at java.base/java.lang.Thread.run(Thread.java:833)
</td></tr><tr bgcolor=#CCC><td colspan=7><center><b>Sanity Test - Skipped </b></center></td></tr><tr bgcolor=#CCC><td>com.github.project.SeleniumJava.Links_31_To_35</td><td style='text-align:center'>checkForNotificationMessages</td><td style='text-align:center'>17:05:47 04/06/2025</td><td style='text-align:center'>2 secs</td><td></td><td></td><td>java.lang.AssertionError: The following asserts failed:
	Unexpected notification message: Action unsuccesful, please try again expected [true] but found [false]
	at org.testng.asserts.SoftAssert.assertAll(SoftAssert.java:46)
	at org.testng.asserts.SoftAssert.assertAll(SoftAssert.java:30)
	at com.github.project.SeleniumJava.Links_31_To_35.checkForNotificationMessages(Links_31_To_35.java:288)
	at java.base/jdk.internal.reflect.NativeMethodAccessorImpl.invoke0(Native Method)
	at java.base/jdk.internal.reflect.NativeMethodAccessorImpl.invoke(NativeMethodAccessorImpl.java:77)
	at java.base/jdk.internal.reflect.DelegatingMethodAccessorImpl.invoke(DelegatingMethodAccessorImpl.java:43)
	at java.base/java.lang.reflect.Method.invoke(Method.java:568)
	at org.testng.internal.invokers.MethodInvocationHelper.invokeMethod(MethodInvocationHelper.java:141)
	at org.testng.internal.invokers.TestInvoker.invokeMethod(TestInvoker.java:687)
	at org.testng.internal.invokers.TestInvoker.invokeTestMethod(TestInvoker.java:230)
	at org.testng.internal.invokers.MethodRunner.runInSequence(MethodRunner.java:63)
	at org.testng.internal.invokers.TestInvokerMethodInvocationAgent.invoke(TestInvoker.java:995)
	at org.testng.internal.invokers.TestInvoker.invokeTestMethods(TestInvoker.java:203)
	at org.testng.internal.invokers.TestMethodWorker.invokeTestMethods(TestMethodWorker.java:154)
	at org.testng.internal.invokers.TestMethodWorker.run(TestMethodWorker.java:134)
	at java.base/java.util.concurrent.ExecutorsRunnableAdapter.call(Executors.java:539)
	at java.base/java.util.concurrent.FutureTask.run(FutureTask.java:264)
	at org.testng.internal.thread.graph.TestNGFutureTask.run(TestNGFutureTask.java:22)
	at java.base/java.util.concurrent.ThreadPoolExecutor.runWorker(ThreadPoolExecutor.java:1136)
	at java.base/java.util.concurrent.ThreadPoolExecutorWorker.run(ThreadPoolExecutor.java:635)
	at java.base/java.lang.Thread.run(Thread.java:833)
</td></tr><tr bgcolor=#CCC><td>com.github.project.SeleniumJava.Links_41_To_42</td><td style='text-align:center'>checkForTypos</td><td style='text-align:center'>17:06:00 04/06/2025</td><td style='text-align:center'>517 ms</td><td></td><td></td><td>java.lang.AssertionError: The following asserts failed:
	Text has a typo or was randomly changed. expected [Sometimes you'll see a typo, other times you won't.] but found [Sometimes you'll see a typo, other times you won,t.]
	at org.testng.asserts.SoftAssert.assertAll(SoftAssert.java:46)
	at org.testng.asserts.SoftAssert.assertAll(SoftAssert.java:30)
	at com.github.project.SeleniumJava.Links_41_To_42.checkForTypos(Links_41_To_42.java:128)
	at java.base/jdk.internal.reflect.NativeMethodAccessorImpl.invoke0(Native Method)
	at java.base/jdk.internal.reflect.NativeMethodAccessorImpl.invoke(NativeMethodAccessorImpl.java:77)
	at java.base/jdk.internal.reflect.DelegatingMethodAccessorImpl.invoke(DelegatingMethodAccessorImpl.java:43)
	at java.base/java.lang.reflect.Method.invoke(Method.java:568)
	at org.testng.internal.invokers.MethodInvocationHelper.invokeMethod(MethodInvocationHelper.java:141)
	at org.testng.internal.invokers.TestInvoker.invokeMethod(TestInvoker.java:687)
	at org.testng.internal.invokers.TestInvoker.invokeTestMethod(TestInvoker.java:230)
	at org.testng.internal.invokers.MethodRunner.runInSequence(MethodRunner.java:63)
	at org.testng.internal.invokers.TestInvokerMethodInvocationAgent.invoke(TestInvoker.java:995)
	at org.testng.internal.invokers.TestInvoker.invokeTestMethods(TestInvoker.java:203)
	at org.testng.internal.invokers.TestMethodWorker.invokeTestMethods(TestMethodWorker.java:154)
	at org.testng.internal.invokers.TestMethodWorker.run(TestMethodWorker.java:134)
	at java.base/java.util.concurrent.ExecutorsRunnableAdapter.call(Executors.java:539)
	at java.base/java.util.concurrent.FutureTask.run(FutureTask.java:264)
	at org.testng.internal.thread.graph.TestNGFutureTask.run(TestNGFutureTask.java:22)
	at java.base/java.util.concurrent.ThreadPoolExecutor.runWorker(ThreadPoolExecutor.java:1136)
	at java.base/java.util.concurrent.ThreadPoolExecutorWorker.run(ThreadPoolExecutor.java:635)
	at java.base/java.lang.Thread.run(Thread.java:833)
</td></tr>	</table></body></html>